<?xml version="1.0" encoding="UTF-8"?>
<!-- Generated by org.testng.reporters.JUnitReportReporter -->
<testsuite hostname="DESKTOP-PQ7S2JC" failures="0" tests="1" name="appiumproject.testcases.SuperBaseClass" time="0.006" errors="0" timestamp="2023-03-15T16:03:29 IST" skipped="0">
  <testcase classname="appiumproject.testcases.SuperBaseClass" name="test" time="0.006"/>
  <system-out/>
</testsuite> <!-- appiumproject.testcases.SuperBaseClass -->
