<?xml version="1.0" encoding="UTF-8"?>
<!-- Generated by org.testng.reporters.JUnitReportReporter -->
<testsuite hostname="DESKTOP-PQ7S2JC" failures="0" tests="2" name="appiumproject.testcases.Test01_GeneralStore" time="7.802" errors="0" timestamp="2023-03-16T16:59:21 IST" skipped="0">
  <testcase classname="appiumproject.testcases.Test01_GeneralStore" name="test" time="0.004"/>
  <system-out/>
  <testcase classname="appiumproject.testcases.Test01_GeneralStore" name="GenralStoreTest01" time="7.798"/>
  <system-out/>
</testsuite> <!-- appiumproject.testcases.Test01_GeneralStore -->
