<?xml version="1.0" encoding="UTF-8"?>
<!-- Generated by org.testng.reporters.JUnitReportReporter -->
<testsuite hostname="DESKTOP-PQ7S2JC" failures="0" tests="1" name="simple.appiumproject.test.SuperBaseClass" time="0.005" errors="0" timestamp="2023-03-09T14:23:46 IST" skipped="0">
  <testcase classname="simple.appiumproject.test.SuperBaseClass" name="test" time="0.005"/>
  <system-out/>
</testsuite> <!-- simple.appiumproject.test.SuperBaseClass -->
